<?xml version="1.0" encoding="UTF-8"?>
<!-- Generated by org.testng.reporters.JUnitReportReporter -->
<testsuite skipped="0" hostname="PRINHYLTPHP0077" name="com.ravi.AllTests" tests="7" failures="0" timestamp="2020-01-09T12:16:46 IST" time="32.959" errors="0">
  <testcase name="converterSwap" time="6.737" classname="com.ravi.AllTests"/>
  <system-out/>
  <testcase name="timeTesting" time="1.448" classname="com.ravi.AllTests"/>
  <system-out/>
  <testcase name="converterLink" time="5.909" classname="com.ravi.AllTests"/>
  <system-out/>
  <testcase name="converterBasic" time="5.470" classname="com.ravi.AllTests"/>
  <system-out/>
  <testcase name="checkCalendar" time="8.728" classname="com.ravi.AllTests"/>
  <system-out/>
  <testcase name="localTime" time="3.021" classname="com.ravi.AllTests"/>
  <system-out/>
  <testcase name="timer" time="1.646" classname="com.ravi.AllTests"/>
  <system-out/>
</testsuite> <!-- com.ravi.AllTests -->
